#
# A fatal error has been detected by the Java Runtime Environment:
#
#  EXCEPTION_ACCESS_VIOLATION (0xc0000005) at pc=0x000000000feec750, pid=3616, tid=3132
#
# JRE version: 6.0_17-b04
# Java VM: Java HotSpot(TM) 64-Bit Server VM (14.3-b01 mixed mode windows-amd64 )
# Problematic frame:
# C  [awt.dll+0xdc750]
#
# If you would like to submit a bug report, please visit:
#   http://java.sun.com/webapps/bugreport/crash.jsp
# The crash happened outside the Java Virtual Machine in native code.
# See problematic frame for where to report the bug.
#

---------------  T H R E A D  ---------------

Current thread (0x0000000031b9d000):  JavaThread "AWT-EventQueue-0" [_thread_in_native, id=3132, stack(0x000000002fda0000,0x000000002fe20000)]

siginfo: ExceptionCode=0xc0000005, reading address 0x0000000000000008

Registers:
EAX=0x000000000000000d, EBX=0x0000000031b9d1b8, ECX=0x0000000000000000, EDX=0xffffffffd00120f3
ESP=0x000000002fe1dfb8, EBP=0x000000003300bec0, ESI=0x0000000031b9d1b8, EDI=0x00000000331328b0
EIP=0x000000000feec750, EFLAGS=0x0000000000010202

Top of Stack: (sp=0x000000002fe1dfb8)
0x000000002fe1dfb8:   000000000fe9589c 0000000000000000
0x000000002fe1dfc8:   0000000031b9d1b8 000000003300bec0
0x000000002fe1dfd8:   0000000031b9d1b8 000000002fe1dfe0
0x000000002fe1dfe8:   0000000031b9d1b8 0000000018256f60
0x000000002fe1dff8:   000000000fe73810 0000000031b9d1b8
0x000000002fe1e008:   000000002fe1e6d0 000000002fe1e748
0x000000002fe1e018:   000000003300bec0 000000002fe1e0a8
0x000000002fe1e028:   000000000fe92151 000000001dd1c888
0x000000002fe1e038:   000000002fe1e740 0000000000000000
0x000000002fe1e048:   000000002fe1e748 000000002bce03b8
0x000000002fe1e058:   0000000011a95969 0000000000000000
0x000000002fe1e068:   000000002bce03b8 000000001511eec7
0x000000002fe1e078:   00000000150bdd78 000000002fe1e140
0x000000002fe1e088:   000000001d3d3848 0000000031b9d000
0x000000002fe1e098:   0000000078c5b5c2 000000002fe1e0b8
0x000000002fe1e0a8:   000000002fe1e120 00000000150bdd78 

Instructions: (pc=0x000000000feec750)
0x000000000feec740:   48 8b 41 08 48 8b 80 18 0c 00 00 c3 cc cc cc cc
0x000000000feec750:   48 8b 49 08 48 85 c9 74 05 e9 72 f6 fd ff 33 c0 


Stack: [0x000000002fda0000,0x000000002fe20000],  sp=0x000000002fe1dfb8,  free space=503k
Native frames: (J=compiled Java code, j=interpreted, Vv=VM code, C=native code)
C  [awt.dll+0xdc750]

Java frames: (J=compiled Java code, j=interpreted, Vv=VM code)
j  sun.java2d.windows.GDIBlitLoops.nativeBlit(Lsun/java2d/SurfaceData;Lsun/java2d/SurfaceData;Lsun/java2d/pipe/Region;IIIIIIIIIZ)V+0
j  sun.java2d.windows.GDIBlitLoops.Blit(Lsun/java2d/SurfaceData;Lsun/java2d/SurfaceData;Ljava/awt/Composite;Lsun/java2d/pipe/Region;IIIIII)V+33
j  sun.java2d.pipe.DrawImage.blitSurfaceData(Lsun/java2d/SunGraphics2D;Lsun/java2d/pipe/Region;Lsun/java2d/SurfaceData;Lsun/java2d/SurfaceData;Lsun/java2d/loops/SurfaceType;Lsun/java2d/loops/SurfaceType;IIIIIILjava/awt/Color;)V+97
j  sun.java2d.pipe.DrawImage.renderImageCopy(Lsun/java2d/SunGraphics2D;Ljava/awt/Image;Ljava/awt/Color;IIIIII)Z+75
j  sun.java2d.pipe.DrawImage.copyImage(Lsun/java2d/SunGraphics2D;Ljava/awt/Image;IILjava/awt/Color;)Z+45
j  sun.java2d.pipe.DrawImage.copyImage(Lsun/java2d/SunGraphics2D;Ljava/awt/Image;IILjava/awt/Color;Ljava/awt/image/ImageObserver;)Z+15
J  sun.java2d.SunGraphics2D.drawImage(Ljava/awt/Image;IILjava/awt/Color;Ljava/awt/image/ImageObserver;)Z
J  javax.swing.RepaintManager$PaintManager.paintDoubleBuffered(Ljavax/swing/JComponent;Ljava/awt/Image;Ljava/awt/Graphics;IIII)V
J  javax.swing.RepaintManager$PaintManager.paint(Ljavax/swing/JComponent;Ljavax/swing/JComponent;Ljava/awt/Graphics;IIII)Z
J  javax.swing.JComponent.paint(Ljava/awt/Graphics;)V
j  java.awt.GraphicsCallback$PaintCallback.run(Ljava/awt/Component;Ljava/awt/Graphics;)V+2
j  sun.awt.SunGraphicsCallback.runOneComponent(Ljava/awt/Component;Ljava/awt/Rectangle;Ljava/awt/Graphics;Ljava/awt/Shape;I)V+155
j  sun.awt.SunGraphicsCallback.runComponents([Ljava/awt/Component;Ljava/awt/Graphics;I)V+104
j  java.awt.Container.paint(Ljava/awt/Graphics;)V+73
J  javax.swing.RepaintManager.paintDirtyRegions(Ljava/util/Map;)V
j  javax.swing.RepaintManager.paintDirtyRegions()V+46
j  javax.swing.RepaintManager.seqPaintDirtyRegions()V+73
j  javax.swing.SystemEventQueueUtilities$ComponentWorkRequest.run()V+36
J  java.awt.event.InvocationEvent.dispatch()V
J  java.awt.EventDispatchThread.pumpOneEventForFilters(I)Z
J  java.awt.EventDispatchThread.pumpEventsForFilter(ILjava/awt/Conditional;Ljava/awt/EventFilter;)V
j  java.awt.EventDispatchThread.pumpEventsForHierarchy(ILjava/awt/Conditional;Ljava/awt/Component;)V+11
j  java.awt.EventDispatchThread.pumpEvents(ILjava/awt/Conditional;)V+4
j  java.awt.EventDispatchThread.pumpEvents(Ljava/awt/Conditional;)V+3
j  java.awt.EventDispatchThread.run()V+9
v  ~StubRoutines::call_stub

---------------  P R O C E S S  ---------------

Java Threads: ( => current thread )
  0x0000000032d02800 JavaThread "Image Fetcher 0" daemon [_thread_blocked, id=108, stack(0x000000000e8f0000,0x000000000e970000)]
  0x0000000032cfe800 JavaThread "RequestQueue for GenericFileList" [_thread_blocked, id=2384, stack(0x0000000005a70000,0x0000000005af0000)]
  0x0000000032cfc000 JavaThread "Code Analyzer updating thread" [_thread_blocked, id=2228, stack(0x000000000fc50000,0x000000000fcd0000)]
  0x0000000032d01000 JavaThread "Code Analyzer updating thread" [_thread_blocked, id=4956, stack(0x0000000033cb0000,0x0000000033d30000)]
  0x0000000032cff800 JavaThread "Code Analyzer updating thread" [_thread_blocked, id=4752, stack(0x0000000033ba0000,0x0000000033c20000)]
  0x0000000032cfe000 JavaThread "Active Reference Queue Daemon" daemon [_thread_blocked, id=4632, stack(0x0000000033ab0000,0x0000000033b30000)]
  0x0000000032cfc800 JavaThread "Timer-10" daemon [_thread_blocked, id=4776, stack(0x00000000339d0000,0x0000000033a50000)]
  0x0000000032d00000 JavaThread "Timer-9" daemon [_thread_blocked, id=3672, stack(0x00000000338c0000,0x0000000033940000)]
  0x0000000032cfb000 JavaThread "Prefs Updater" daemon [_thread_blocked, id=4112, stack(0x0000000011040000,0x00000000110c0000)]
  0x0000000032ae3800 JavaThread "Timer-1" [_thread_blocked, id=4544, stack(0x0000000005b50000,0x0000000005bd0000)]
  0x0000000031d43000 JavaThread "FelixPackageAdmin" daemon [_thread_blocked, id=4236, stack(0x00000000053a0000,0x0000000005420000)]
  0x000000002bcb4800 JavaThread "FelixStartLevel" daemon [_thread_blocked, id=4512, stack(0x0000000004ff0000,0x0000000005070000)]
  0x0000000031b1b800 JavaThread "FelixDispatchQueue" daemon [_thread_blocked, id=4916, stack(0x00000000050f0000,0x0000000005170000)]
  0x0000000031ccd800 JavaThread "TimerQueue" daemon [_thread_blocked, id=4980, stack(0x0000000032010000,0x0000000032090000)]
=>0x0000000031b9d000 JavaThread "AWT-EventQueue-0" [_thread_in_native, id=3132, stack(0x000000002fda0000,0x000000002fe20000)]
  0x0000000031d59800 JavaThread "AWT-Shutdown" [_thread_blocked, id=892, stack(0x0000000031f90000,0x0000000032010000)]
  0x0000000031ab2800 JavaThread "com.google.common.base.internal.Finalizer" daemon [_thread_blocked, id=1616, stack(0x000000002a4d0000,0x000000002a550000)]
  0x0000000031a88000 JavaThread "AWT-Windows" daemon [_thread_in_native, id=2128, stack(0x000000000e860000,0x000000000e8e0000)]
  0x0000000031add800 JavaThread "Java2D Disposer" daemon [_thread_blocked, id=2284, stack(0x0000000010f80000,0x0000000011000000)]
  0x000000003150f800 JavaThread "Timer-0" [_thread_blocked, id=3788, stack(0x000000000a590000,0x000000000a610000)]
  0x000000003149b800 JavaThread "JMI Unnamed Thread" [_thread_in_native, id=396, stack(0x0000000007680000,0x0000000008b80000)]
  0x000000002bbea000 JavaThread "Low Memory Detector" daemon [_thread_blocked, id=5024, stack(0x000000000e7e0000,0x000000000e860000)]
  0x000000002bbe8800 JavaThread "CompilerThread1" daemon [_thread_blocked, id=4692, stack(0x000000002e880000,0x000000002fd80000)]
  0x000000002bbe0800 JavaThread "CompilerThread0" daemon [_thread_blocked, id=4084, stack(0x000000002d310000,0x000000002e810000)]
  0x000000002bbdf800 JavaThread "Attach Listener" daemon [_thread_blocked, id=4896, stack(0x0000000008fc0000,0x0000000009040000)]
  0x000000002bb8b000 JavaThread "Finalizer" daemon [_thread_blocked, id=1152, stack(0x0000000007600000,0x0000000007680000)]
  0x000000000286f800 JavaThread "Reference Handler" daemon [_thread_blocked, id=4472, stack(0x000000000bb80000,0x000000000bc00000)]
  0x0000000002799800 JavaThread "main" [_thread_in_native, id=3248, stack(0x00000000001a0000,0x00000000016a0000)]

Other Threads:
  0x000000002bb82800 VMThread [stack: 0x000000002bdc0000,0x000000002d2c0000] [id=4876]
  0x000000002bc1c000 WatcherThread [stack: 0x000000002fe60000,0x0000000031360000] [id=648]

VM state:not at safepoint (normal execution)

VM Mutex/Monitor currently owned by a thread: None

Heap
 PSYoungGen      total 16256K, used 3862K [0x0000000025d90000, 0x0000000026d90000, 0x0000000028e90000)
  eden space 16128K, 23% used [0x0000000025d90000,0x000000002614d848,0x0000000026d50000)
  from space 128K, 25% used [0x0000000026d70000,0x0000000026d78000,0x0000000026d90000)
  to   space 128K, 0% used [0x0000000026d50000,0x0000000026d50000,0x0000000026d70000)
 PSOldGen        total 61824K, used 39452K [0x000000001ca90000, 0x00000000206f0000, 0x0000000025d90000)
  object space 61824K, 63% used [0x000000001ca90000,0x000000001f1171f8,0x00000000206f0000)
 PSPermGen       total 98048K, used 57304K [0x0000000014a90000, 0x000000001aa50000, 0x000000001ca90000)
  object space 98048K, 58% used [0x0000000014a90000,0x0000000018286228,0x000000001aa50000)

Dynamic libraries:
0x000000013fe60000 - 0x000000013fe89000 	C:\Program Files\MATLAB\R2011a\bin\win64\matlab.exe
0x0000000077c40000 - 0x0000000077de9000 	C:\Windows\SYSTEM32\ntdll.dll
0x0000000077b20000 - 0x0000000077c3f000 	C:\Windows\system32\kernel32.dll
0x000007fefddf0000 - 0x000007fefde5c000 	C:\Windows\system32\KERNELBASE.dll
0x0000000075930000 - 0x000000007596f000 	C:\Program Files\AVAST Software\Avast\snxhk64.dll
0x0000000074460000 - 0x0000000074569000 	C:\Program Files\MATLAB\R2011a\bin\win64\libut.dll
0x00000000758a0000 - 0x0000000075920000 	C:\Program Files\MATLAB\R2011a\bin\win64\libmwi18n.dll
0x0000000180000000 - 0x000000018000b000 	C:\Program Files\MATLAB\R2011a\bin\win64\libmwresource_core.dll
0x0000000073110000 - 0x00000000731e3000 	C:\Windows\WinSxS\amd64_microsoft.vc90.crt_1fc8b3b9a1e18e3b_9.0.30729.6161_none_08e61857a83bc251\MSVCP90.dll
0x00000000731f0000 - 0x0000000073293000 	C:\Windows\WinSxS\amd64_microsoft.vc90.crt_1fc8b3b9a1e18e3b_9.0.30729.6161_none_08e61857a83bc251\MSVCR90.dll
0x000000007a3b0000 - 0x000000007a3c0000 	C:\Program Files\MATLAB\R2011a\bin\win64\boost_date_time-vc90-mt-1_40.dll
0x000000007a170000 - 0x000000007a189000 	C:\Program Files\MATLAB\R2011a\bin\win64\boost_filesystem-vc90-mt-1_40.dll
0x000000007a560000 - 0x000000007a569000 	C:\Program Files\MATLAB\R2011a\bin\win64\boost_system-vc90-mt-1_40.dll
0x000000007a2d0000 - 0x000000007a2e2000 	C:\Program Files\MATLAB\R2011a\bin\win64\boost_thread-vc90-mt-1_40.dll
0x000000007a010000 - 0x000000007a035000 	C:\Program Files\MATLAB\R2011a\bin\win64\LIBEXPAT.dll
0x00000000739d0000 - 0x0000000073b8c000 	C:\Program Files\MATLAB\R2011a\bin\win64\icuin42.dll
0x00000000740b0000 - 0x0000000074223000 	C:\Program Files\MATLAB\R2011a\bin\win64\icuuc42.dll
0x000007fefec80000 - 0x000007fefed5b000 	C:\Windows\system32\ADVAPI32.dll
0x000007fefe3a0000 - 0x000007fefe43f000 	C:\Windows\system32\msvcrt.dll
0x000007fefe0c0000 - 0x000007fefe0df000 	C:\Windows\SYSTEM32\sechost.dll
0x000007fefeb50000 - 0x000007fefec7d000 	C:\Windows\system32\RPCRT4.dll
0x0000000010000000 - 0x0000000010f47000 	C:\Program Files\MATLAB\R2011a\bin\win64\icudt42.dll
0x0000000073f70000 - 0x000000007407d000 	C:\Program Files\MATLAB\R2011a\bin\win64\libmwfl.dll
0x00000000016a0000 - 0x0000000001733000 	C:\Program Files\MATLAB\R2011a\bin\win64\libmwMATLAB_res.dll
0x000000007a250000 - 0x000000007a263000 	C:\Program Files\MATLAB\R2011a\bin\win64\boost_signals-vc90-mt-1_40.dll
0x0000000001750000 - 0x0000000001796000 	C:\Program Files\MATLAB\R2011a\bin\win64\tbb.dll
0x000007fefe8f0000 - 0x000007fefe907000 	C:\Windows\system32\imagehlp.dll
0x0000000077e10000 - 0x0000000077e17000 	C:\Windows\system32\PSAPI.DLL
0x000000007a3d0000 - 0x000000007a3e3000 	C:\Program Files\MATLAB\R2011a\bin\win64\icuio42.dll
0x000007fef87d0000 - 0x000007fef88f5000 	C:\Windows\system32\dbghelp.dll
0x0000000077a20000 - 0x0000000077b1a000 	C:\Windows\system32\USER32.dll
0x000007feffee0000 - 0x000007fefff47000 	C:\Windows\system32\GDI32.dll
0x000007fefe970000 - 0x000007fefe97e000 	C:\Windows\system32\LPK.dll
0x000007fefe0e0000 - 0x000007fefe1a9000 	C:\Windows\system32\USP10.dll
0x000000007bed0000 - 0x000000007c0f5000 	C:\Program Files\MATLAB\R2011a\bin\win64\libmwservices.dll
0x0000000075a20000 - 0x0000000075ab2000 	C:\Program Files\MATLAB\R2011a\bin\win64\libmx.dll
0x000000007a210000 - 0x000000007a226000 	C:\Program Files\MATLAB\R2011a\bin\win64\zlib1.dll
0x0000000074330000 - 0x000000007444b000 	C:\Program Files\MATLAB\R2011a\bin\win64\libmwmathutil.dll
0x0000000074bc0000 - 0x0000000074c14000 	C:\Program Files\MATLAB\R2011a\bin\win64\mpath.dll
0x000000007b680000 - 0x000000007b982000 	C:\Program Files\MATLAB\R2011a\bin\win64\mlutil.dll
0x0000000074b30000 - 0x0000000074bb2000 	C:\Program Files\MATLAB\R2011a\bin\win64\xmlcore.dll
0x000000007bc30000 - 0x000000007be83000 	C:\Program Files\MATLAB\R2011a\bin\win64\xerces-c_2_7.dll
0x000007fefe8a0000 - 0x000007fefe8ed000 	C:\Windows\system32\WS2_32.dll
0x000007fefe390000 - 0x000007fefe398000 	C:\Windows\system32\NSI.dll
0x000007fefefc0000 - 0x000007feffd48000 	C:\Windows\system32\SHELL32.dll
0x000007feffe60000 - 0x000007feffed1000 	C:\Windows\system32\SHLWAPI.dll
0x000007fef3db0000 - 0x000007fef3e50000 	C:\Windows\WinSxS\amd64_microsoft.windows.common-controls_6595b64144ccf1df_5.82.7601.17514_none_a4d6a923711520a9\COMCTL32.dll
0x000007fefe440000 - 0x000007fefe4d7000 	C:\Windows\system32\COMDLG32.dll
0x000007fefbbf0000 - 0x000007fefbc06000 	C:\Windows\system32\NETAPI32.dll
0x000007fefbbe0000 - 0x000007fefbbec000 	C:\Windows\system32\netutils.dll
0x000007fefd960000 - 0x000007fefd983000 	C:\Windows\system32\srvcli.dll
0x000007fefbbc0000 - 0x000007fefbbd5000 	C:\Windows\system32\wkscli.dll
0x000007fefe690000 - 0x000007fefe893000 	C:\Windows\system32\ole32.dll
0x000007fefdf60000 - 0x000007fefe037000 	C:\Windows\system32\OLEAUT32.dll
0x0000000074970000 - 0x0000000074a34000 	C:\Program Files\MATLAB\R2011a\bin\win64\mcr.dll
0x0000000075000000 - 0x00000000750e4000 	C:\Program Files\MATLAB\R2011a\bin\win64\iqm.dll
0x0000000060980000 - 0x000000006111c000 	C:\Program Files\MATLAB\R2011a\bin\win64\m_interpreter.dll
0x0000000075410000 - 0x000000007541f000 	C:\Program Files\MATLAB\R2011a\bin\win64\libmex.dll
0x0000000074a80000 - 0x0000000074b24000 	C:\Program Files\MATLAB\R2011a\bin\win64\m_dispatcher.dll
0x0000000074880000 - 0x0000000074945000 	C:\Program Files\MATLAB\R2011a\bin\win64\boost_regex-vc90-mt-1_40.dll
0x0000000001990000 - 0x0000000001a0f000 	C:\Program Files\MATLAB\R2011a\bin\win64\profiler.dll
0x0000000079f40000 - 0x0000000079f6c000 	C:\Program Files\MATLAB\R2011a\bin\win64\libmwmathrng.dll
0x00000000753f0000 - 0x0000000075410000 	C:\Program Files\MATLAB\R2011a\bin\win64\m_pcodeio.dll
0x0000000079b10000 - 0x0000000079b71000 	C:\Program Files\MATLAB\R2011a\bin\win64\m_ir.dll
0x0000000061280000 - 0x00000000618bb000 	C:\Program Files\MATLAB\R2011a\bin\win64\m_parser.dll
0x0000000001a60000 - 0x0000000001a79000 	C:\Program Files\MATLAB\R2011a\bin\win64\ir_xfmr.dll
0x0000000001a90000 - 0x0000000001cdb000 	C:\Program Files\MATLAB\R2011a\bin\win64\mcos.dll
0x00000000753e0000 - 0x00000000753ec000 	C:\Program Files\MATLAB\R2011a\bin\win64\mtok.dll
0x0000000074760000 - 0x000000007478b000 	C:\Program Files\MATLAB\R2011a\bin\win64\m_pcodegen.dll
0x0000000076160000 - 0x00000000761c2000 	C:\Program Files\MATLAB\R2011a\bin\win64\libmwspmatrix.dll
0x0000000079fb0000 - 0x0000000079fde000 	C:\Program Files\MATLAB\R2011a\bin\win64\libmwbridge.dll
0x00000000746a0000 - 0x0000000074759000 	C:\Program Files\MATLAB\R2011a\bin\win64\udd.dll
0x0000000073ce0000 - 0x0000000073e21000 	C:\Program Files\MATLAB\R2011a\bin\win64\libmwgui.dll
0x0000000074680000 - 0x0000000074697000 	C:\Program Files\MATLAB\R2011a\bin\win64\graphics_util.dll
0x0000000060100000 - 0x0000000060980000 	C:\Program Files\MATLAB\R2011a\bin\win64\hg.dll
0x0000000076100000 - 0x000000007614f000 	C:\Program Files\MATLAB\R2011a\bin\win64\libmat.dll
0x0000000072d30000 - 0x0000000072f33000 	C:\Program Files\MATLAB\R2011a\bin\win64\libhdf5.dll
0x0000000074600000 - 0x000000007467b000 	C:\Program Files\MATLAB\R2011a\bin\win64\jmi.dll
0x0000000001da0000 - 0x0000000001dae000 	C:\Program Files\MATLAB\R2011a\bin\win64\nativejava_services.dll
0x00000000745c0000 - 0x00000000745fc000 	C:\Program Files\MATLAB\R2011a\bin\win64\libmwhardcopy.dll
0x0000000073c80000 - 0x0000000073cd8000 	C:\Program Files\MATLAB\R2011a\bin\win64\libuij.dll
0x0000000001de0000 - 0x0000000001fc3000 	C:\Program Files\MATLAB\R2011a\bin\win64\hgdatatypes.dll
0x000000006f1c0000 - 0x000000006f27c000 	C:\Program Files\MATLAB\R2011a\bin\win64\hgutils.dll
0x00000000631b0000 - 0x000000006322c000 	C:\Program Files\MATLAB\R2011a\bin\win64\libmwlapack.dll
0x0000000002000000 - 0x0000000002012000 	C:\Program Files\MATLAB\R2011a\bin\win64\libmwbinder.dll
0x0000000074fe0000 - 0x0000000074feb000 	C:\Program Files\MATLAB\R2011a\bin\win64\libmwompwrapper.dll
0x0000000002040000 - 0x0000000002304000 	C:\Program Files\MATLAB\R2011a\bin\win64\uiw.dll
0x00000000745b0000 - 0x00000000745ba000 	C:\Program Files\MATLAB\R2011a\bin\win64\uinone.dll
0x000000005fc10000 - 0x00000000600f4000 	C:\Windows\WinSxS\amd64_microsoft.vc90.mfc_1fc8b3b9a1e18e3b_9.0.30729.6161_none_044aad0bab1eb146\mfc90.dll
0x000007fefbc70000 - 0x000007fefbc77000 	C:\Windows\system32\MSIMG32.dll
0x000007fef8a70000 - 0x000007fef8ae1000 	C:\Windows\system32\WINSPOOL.DRV
0x0000000063100000 - 0x00000000631a9000 	C:\Program Files\MATLAB\R2011a\bin\win64\udd_mi.dll
0x000000006f670000 - 0x000000006f68b000 	C:\Program Files\MATLAB\R2011a\bin\win64\mwoles05.DLL
0x0000000063090000 - 0x00000000630fe000 	C:\Program Files\MATLAB\R2011a\bin\win64\comcli.dll
0x0000000062e90000 - 0x0000000062ebf000 	C:\Windows\WinSxS\amd64_microsoft.vc90.atl_1fc8b3b9a1e18e3b_9.0.30729.6161_none_0a1fd3a3a768b895\ATL90.DLL
0x0000000071840000 - 0x000000007184c000 	C:\Program Files\MATLAB\R2011a\bin\win64\mlautoregister.dll
0x0000000002370000 - 0x000000000237d000 	C:\Program Files\MATLAB\R2011a\bin\win64\boost_iostreams-vc90-mt-1_40.dll
0x000007fefe660000 - 0x000007fefe68e000 	C:\Windows\system32\IMM32.DLL
0x000007feffd50000 - 0x000007feffe59000 	C:\Windows\system32\MSCTF.dll
0x000007fefc400000 - 0x000007fefc456000 	C:\Windows\system32\UxTheme.dll
0x000007fefbfd0000 - 0x000007fefbfe8000 	C:\Windows\system32\dwmapi.dll
0x00000000706b0000 - 0x00000000706bd000 	C:\Windows\WinSxS\amd64_microsoft.vc90.mfcloc_1fc8b3b9a1e18e3b_9.0.30729.6161_none_01c9581e60cbee58\MFC90ENU.DLL
0x00000000026e0000 - 0x0000000002709000 	C:\Program Files\MATLAB\R2011a\bin\win64\tbbmalloc.dll
0x000007fefdaf0000 - 0x000007fefdaff000 	C:\Windows\system32\profapi.dll
0x000007fefb270000 - 0x000007fefb297000 	C:\Windows\system32\iphlpapi.dll
0x000007fefb300000 - 0x000007fefb30b000 	C:\Windows\system32\WINNSI.DLL
0x000007fefd260000 - 0x000007fefd2bb000 	C:\Windows\system32\DNSAPI.dll
0x000007fefae00000 - 0x000007fefae11000 	C:\Windows\system32\dhcpcsvc6.DLL
0x000007fefade0000 - 0x000007fefadf8000 	C:\Windows\system32\dhcpcsvc.DLL
0x000007fefda30000 - 0x000007fefda55000 	C:\Windows\system32\SspiCli.dll
0x000000006fb00000 - 0x000000006fb03000 	C:\Windows\system32\icmp.Dll
0x000007fefda60000 - 0x000007fefda6f000 	C:\Windows\system32\CRYPTBASE.dll
0x000007fefde60000 - 0x000007fefde96000 	C:\Windows\system32\CFGMGR32.dll
0x0000000078870000 - 0x0000000078ecd000 	C:\Program Files\MATLAB\R2011a\sys\java\jre\win64\jre\bin\server\jvm.dll
0x000007fefb5e0000 - 0x000007fefb61b000 	C:\Windows\system32\WINMM.dll
0x000000007a440000 - 0x000000007a44e000 	C:\Program Files\MATLAB\R2011a\sys\java\jre\win64\jre\bin\verify.dll
0x000000007a070000 - 0x000000007a097000 	C:\Program Files\MATLAB\R2011a\sys\java\jre\win64\jre\bin\java.dll
0x000000007a540000 - 0x000000007a54a000 	C:\Program Files\MATLAB\R2011a\sys\java\jre\win64\jre\bin\hpi.dll
0x000000007a370000 - 0x000000007a382000 	C:\Program Files\MATLAB\R2011a\sys\java\jre\win64\jre\bin\zip.dll
0x0000000075b90000 - 0x0000000075bfb000 	C:\Program Files\MATLAB\R2011a\sys\java\jre\win64\jre\bin\fontmanager.dll
0x000000000fe10000 - 0x000000000ffd1000 	C:\Program Files\MATLAB\R2011a\sys\java\jre\win64\jre\bin\awt.dll
0x0000000079cf0000 - 0x0000000079d36000 	C:\Program Files\MATLAB\R2011a\bin\win64\nativejmi.dll
0x000000007a600000 - 0x000000007a608000 	C:\Program Files\MATLAB\R2011a\bin\win64\nativeservices.dll
0x000000007a0d0000 - 0x000000007a0e8000 	C:\Program Files\MATLAB\R2011a\bin\win64\nativejava.dll
0x000007fefae30000 - 0x000007fefae48000 	C:\Windows\system32\MPR.dll
0x000000007a230000 - 0x000000007a247000 	C:\Program Files\MATLAB\R2011a\sys\java\jre\win64\jre\bin\net.dll
0x000007fefd3d0000 - 0x000007fefd425000 	C:\Windows\system32\mswsock.dll
0x000007fefd4f0000 - 0x000007fefd4f7000 	C:\Windows\System32\wship6.dll

VM Arguments:
jvm_args: -Xss512k -XX:PermSize=32m -Xms64m -XX:NewRatio=3 -XX:MaxPermSize=128m -Xmx196m -XX:MaxDirectMemorySize=2147400000 -Dsun.java2d.noddraw=true -Dsun.awt.nopixfmt=true -Xshare:off -Xrs -Dsun.awt.disableMixing=true -Djava.library.path=C:\Program Files\MATLAB\R2011a\bin\win64 vfprintf abort 
java_command: <unknown>
Launcher Type: generic

Environment Variables:
CLASSPATH=.;C:\Program Files (x86)\QuickTime\QTSystem\QTJava.zip
PATH=C:\Program Files\Common Files\Microsoft Shared\Windows Live;C:\Program Files (x86)\Common Files\Microsoft Shared\Windows Live;C:\Program Files (x86)\ImageMagick-6.7.2-Q16;C:\Program Files (x86)\MiKTeX 2.9\miktex\bin;C:\Windows\system32;C:\Windows;C:\Windows\System32\Wbem;C:\Windows\System32\WindowsPowerShell\v1.0\;C:\Program Files\TortoiseSVN\bin;C:\Program Files\MATLAB\R2011a\bin;C:\Program Files (x86)\Windows Live\Shared;C:\Program Files (x86)\QuickTime\QTSystem\
USERNAME=bostjan
OS=Windows_NT
PROCESSOR_IDENTIFIER=Intel64 Family 6 Model 15 Stepping 11, GenuineIntel



---------------  S Y S T E M  ---------------

OS: Windows 7 Build 7601 Service Pack 1

CPU:total 2 (2 cores per cpu, 1 threads per core) family 6 model 15 stepping 11, cmov, cx8, fxsr, mmx, sse, sse2, sse3, ssse3

Memory: 4k page, physical 4123264k(1430700k free), swap 8244680k(4895612k free)

vm_info: Java HotSpot(TM) 64-Bit Server VM (14.3-b01) for windows-amd64 JRE (1.6.0_17-b04), built on Oct 11 2009 00:46:08 by "java_re" with MS VC++ 8.0

time: Wed Oct 12 12:09:13 2011
elapsed time: 512742 seconds

